# JRE version: Java(TM) SE Runtime Environment (8.0_251-b08) (build 1.8.0_251-b08)
# Java VM: Java HotSpot(TM) 64-Bit Server VM (25.251-b08 mixed mode windows-amd64 compressed oops)
Heap:
 PSYoungGen      total 14336K, used 10895K [0x00000000d5d80000, 0x00000000d6e80000, 0x0000000100000000)
  eden space 11776K, 80% used [0x00000000d5d80000,0x00000000d66bf740,0x00000000d6900000)
  from space 2560K, 55% used [0x00000000d6900000,0x00000000d6a64668,0x00000000d6b80000)
  to   space 2048K, 0% used [0x00000000d6b80000,0x00000000d6b80000,0x00000000d6d80000)
 ParOldGen       total 10240K, used 5259K [0x0000000081800000, 0x0000000082200000, 0x00000000d5d80000)
  object space 10240K, 51% used [0x0000000081800000,0x0000000081d22c60,0x0000000082200000)
 Metaspace       used 8449K, capacity 8736K, committed 9088K, reserved 1056768K
  class space    used 1000K, capacity 1044K, committed 1152K, reserved 1048576K
GC Heap History (10 events):
Event: 0.581 GC heap before
{Heap before GC invocations=4 (full 0):
 PSYoungGen      total 3584K, used 3576K [0x00000000d5d80000, 0x00000000d6480000, 0x0000000100000000)
  eden space 3072K, 100% used [0x00000000d5d80000,0x00000000d6080000,0x00000000d6080000)
  from space 512K, 98% used [0x00000000d6080000,0x00000000d60fe040,0x00000000d6100000)
  to   space 512K, 0% used [0x00000000d6400000,0x00000000d6400000,0x00000000d6480000)
 ParOldGen       total 5632K, used 911K [0x0000000081800000, 0x0000000081d80000, 0x00000000d5d80000)
  object space 5632K, 16% used [0x0000000081800000,0x00000000818e3f40,0x0000000081d80000)
 Metaspace       used 6309K, capacity 7166K, committed 7296K, reserved 1056768K
  class space    used 791K, capacity 818K, committed 896K, reserved 1048576K
Event: 0.590 GC heap after
Heap after GC invocations=4 (full 0):
 PSYoungGen      total 6656K, used 504K [0x00000000d5d80000, 0x00000000d6480000, 0x0000000100000000)
  eden space 6144K, 0% used [0x00000000d5d80000,0x00000000d5d80000,0x00000000d6380000)
  from space 512K, 98% used [0x00000000d6400000,0x00000000d647e040,0x00000000d6480000)
  to   space 512K, 0% used [0x00000000d6380000,0x00000000d6380000,0x00000000d6400000)
 ParOldGen       total 5632K, used 1135K [0x0000000081800000, 0x0000000081d80000, 0x00000000d5d80000)
  object space 5632K, 20% used [0x0000000081800000,0x000000008191bf40,0x0000000081d80000)
 Metaspace       used 6309K, capacity 7166K, committed 7296K, reserved 1056768K
  class space    used 791K, capacity 818K, committed 896K, reserved 1048576K
}
Event: 0.843 GC heap before
{Heap before GC invocations=5 (full 0):
 PSYoungGen      total 6656K, used 6648K [0x00000000d5d80000, 0x00000000d6480000, 0x0000000100000000)
  eden space 6144K, 100% used [0x00000000d5d80000,0x00000000d6380000,0x00000000d6380000)
  from space 512K, 98% used [0x00000000d6400000,0x00000000d647e040,0x00000000d6480000)
  to   space 512K, 0% used [0x00000000d6380000,0x00000000d6380000,0x00000000d6400000)
 ParOldGen       total 5632K, used 1135K [0x0000000081800000, 0x0000000081d80000, 0x00000000d5d80000)
  object space 5632K, 20% used [0x0000000081800000,0x000000008191bf40,0x0000000081d80000)
 Metaspace       used 8015K, capacity 8512K, committed 8704K, reserved 1056768K
  class space    used 972K, capacity 1012K, committed 1024K, reserved 1048576K
Event: 0.851 GC heap after
Heap after GC invocations=5 (full 0):
 PSYoungGen      total 6656K, used 504K [0x00000000d5d80000, 0x00000000d6d80000, 0x0000000100000000)
  eden space 6144K, 0% used [0x00000000d5d80000,0x00000000d5d80000,0x00000000d6380000)
  from space 512K, 98% used [0x00000000d6380000,0x00000000d63fe040,0x00000000d6400000)
  to   space 2048K, 0% used [0x00000000d6b80000,0x00000000d6b80000,0x00000000d6d80000)
 ParOldGen       total 5632K, used 2304K [0x0000000081800000, 0x0000000081d80000, 0x00000000d5d80000)
  object space 5632K, 40% used [0x0000000081800000,0x0000000081a40088,0x0000000081d80000)
 Metaspace       used 8015K, capacity 8512K, committed 8704K, reserved 1056768K
  class space    used 972K, capacity 1012K, committed 1024K, reserved 1048576K
}
Event: 1.148 GC heap before
{Heap before GC invocations=6 (full 0):
 PSYoungGen      total 6656K, used 6648K [0x00000000d5d80000, 0x00000000d6d80000, 0x0000000100000000)
  eden space 6144K, 100% used [0x00000000d5d80000,0x00000000d6380000,0x00000000d6380000)
  from space 512K, 98% used [0x00000000d6380000,0x00000000d63fe040,0x00000000d6400000)
  to   space 2048K, 0% used [0x00000000d6b80000,0x00000000d6b80000,0x00000000d6d80000)
 ParOldGen       total 5632K, used 2304K [0x0000000081800000, 0x0000000081d80000, 0x00000000d5d80000)
  object space 5632K, 40% used [0x0000000081800000,0x0000000081a40088,0x0000000081d80000)
 Metaspace       used 8182K, capacity 8640K, committed 8704K, reserved 1056768K
  class space    used 975K, capacity 1012K, committed 1024K, reserved 1048576K
Event: 1.157 GC heap after
Heap after GC invocations=6 (full 0):
 PSYoungGen      total 13824K, used 2035K [0x00000000d5d80000, 0x00000000d6e80000, 0x0000000100000000)
  eden space 11776K, 0% used [0x00000000d5d80000,0x00000000d5d80000,0x00000000d6900000)
  from space 2048K, 99% used [0x00000000d6b80000,0x00000000d6d7ce70,0x00000000d6d80000)
  to   space 2560K, 0% used [0x00000000d6900000,0x00000000d6900000,0x00000000d6b80000)
 ParOldGen       total 5632K, used 2542K [0x0000000081800000, 0x0000000081d80000, 0x00000000d5d80000)
  object space 5632K, 45% used [0x0000000081800000,0x0000000081a7b8e8,0x0000000081d80000)
 Metaspace       used 8182K, capacity 8640K, committed 8704K, reserved 1056768K
  class space    used 975K, capacity 1012K, committed 1024K, reserved 1048576K
}
Event: 2.402 GC heap before
{Heap before GC invocations=7 (full 0):
 PSYoungGen      total 13824K, used 12282K [0x00000000d5d80000, 0x00000000d6e80000, 0x0000000100000000)
  eden space 11776K, 87% used [0x00000000d5d80000,0x00000000d67819b8,0x00000000d6900000)
  from space 2048K, 99% used [0x00000000d6b80000,0x00000000d6d7ce70,0x00000000d6d80000)
  to   space 2560K, 0% used [0x00000000d6900000,0x00000000d6900000,0x00000000d6b80000)
 ParOldGen       total 5632K, used 2542K [0x0000000081800000, 0x0000000081d80000, 0x00000000d5d80000)
  object space 5632K, 45% used [0x0000000081800000,0x0000000081a7b8e8,0x0000000081d80000)
 Metaspace       used 8426K, capacity 8736K, committed 9088K, reserved 1056768K
  class space    used 999K, capacity 1044K, committed 1152K, reserved 1048576K
Event: 2.414 GC heap after
Heap after GC invocations=7 (full 0):
 PSYoungGen      total 14336K, used 2532K [0x00000000d5d80000, 0x00000000d6e80000, 0x0000000100000000)
  eden space 11776K, 0% used [0x00000000d5d80000,0x00000000d5d80000,0x00000000d6900000)
  from space 2560K, 98% used [0x00000000d6900000,0x00000000d6b79150,0x00000000d6b80000)
  to   space 2048K, 0% used [0x00000000d6b80000,0x00000000d6b80000,0x00000000d6d80000)
 ParOldGen       total 5632K, used 4518K [0x0000000081800000, 0x0000000081d80000, 0x00000000d5d80000)
  object space 5632K, 80% used [0x0000000081800000,0x0000000081c69b00,0x0000000081d80000)
 Metaspace       used 8426K, capacity 8736K, committed 9088K, reserved 1056768K
  class space    used 999K, capacity 1044K, committed 1152K, reserved 1048576K
}
Event: 2.414 GC heap before
{Heap before GC invocations=8 (full 1):
 PSYoungGen      total 14336K, used 2532K [0x00000000d5d80000, 0x00000000d6e80000, 0x0000000100000000)
  eden space 11776K, 0% used [0x00000000d5d80000,0x00000000d5d80000,0x00000000d6900000)
  from space 2560K, 98% used [0x00000000d6900000,0x00000000d6b79150,0x00000000d6b80000)
  to   space 2048K, 0% used [0x00000000d6b80000,0x00000000d6b80000,0x00000000d6d80000)
 ParOldGen       total 5632K, used 4518K [0x0000000081800000, 0x0000000081d80000, 0x00000000d5d80000)
  object space 5632K, 80% used [0x0000000081800000,0x0000000081c69b00,0x0000000081d80000)
 Metaspace       used 8426K, capacity 8736K, committed 9088K, reserved 1056768K
  class space    used 999K, capacity 1044K, committed 1152K, reserved 1048576K
Event: 2.550 GC heap after
Heap after GC invocations=8 (full 1):
 PSYoungGen      total 14336K, used 1425K [0x00000000d5d80000, 0x00000000d6e80000, 0x0000000100000000)
  eden space 11776K, 0% used [0x00000000d5d80000,0x00000000d5d80000,0x00000000d6900000)
  from space 2560K, 55% used [0x00000000d6900000,0x00000000d6a64668,0x00000000d6b80000)
  to   space 2048K, 0% used [0x00000000d6b80000,0x00000000d6b80000,0x00000000d6d80000)
 ParOldGen       total 10240K, used 5259K [0x0000000081800000, 0x0000000082200000, 0x00000000d5d80000)
  object space 10240K, 51% used [0x0000000081800000,0x0000000081d22c60,0x0000000082200000)
 Metaspace       used 8426K, capacity 8736K, committed 9088K, reserved 1056768K
  class space    used 999K, capacity 1044K, committed 1152K, reserved 1048576K
}

