# JRE version: Java(TM) SE Runtime Environment (8.0_251-b08) (build 1.8.0_251-b08)
# Java VM: Java HotSpot(TM) 64-Bit Server VM (25.251-b08 mixed mode windows-amd64 compressed oops)
Heap:
 PSYoungGen      total 80896K, used 49878K [0x00000000d5d80000, 0x00000000dca80000, 0x0000000100000000)
  eden space 53248K, 59% used [0x00000000d5d80000,0x00000000d7ca9d10,0x00000000d9180000)
  from space 27648K, 64% used [0x00000000dad80000,0x00000000dbf0bbd0,0x00000000dc880000)
  to   space 28672K, 0% used [0x00000000d9180000,0x00000000d9180000,0x00000000dad80000)
 ParOldGen       total 59904K, used 44848K [0x0000000081800000, 0x0000000085280000, 0x00000000d5d80000)
  object space 59904K, 74% used [0x0000000081800000,0x00000000843cc0a0,0x0000000085280000)
 Metaspace       used 13912K, capacity 14124K, committed 14336K, reserved 1062912K
  class space    used 1492K, capacity 1534K, committed 1536K, reserved 1048576K
GC Heap History (10 events):
Event: 24.989 GC heap before
{Heap before GC invocations=28 (full 4):
 PSYoungGen      total 67072K, used 63337K [0x00000000d5d80000, 0x00000000db980000, 0x0000000100000000)
  eden space 47616K, 100% used [0x00000000d5d80000,0x00000000d8c00000,0x00000000d8c00000)
  from space 19456K, 80% used [0x00000000d8c00000,0x00000000d9b5a710,0x00000000d9f00000)
  to   space 21504K, 0% used [0x00000000da480000,0x00000000da480000,0x00000000db980000)
 ParOldGen       total 59904K, used 44824K [0x0000000081800000, 0x0000000085280000, 0x00000000d5d80000)
  object space 59904K, 74% used [0x0000000081800000,0x00000000843c60a0,0x0000000085280000)
 Metaspace       used 13252K, capacity 13524K, committed 13568K, reserved 1060864K
  class space    used 1472K, capacity 1530K, committed 1536K, reserved 1048576K
Event: 25.006 GC heap after
Heap after GC invocations=28 (full 4):
 PSYoungGen      total 70656K, used 16804K [0x00000000d5d80000, 0x00000000dbe00000, 0x0000000100000000)
  eden space 49152K, 0% used [0x00000000d5d80000,0x00000000d5d80000,0x00000000d8d80000)
  from space 21504K, 78% used [0x00000000da480000,0x00000000db4e93a8,0x00000000db980000)
  to   space 23552K, 0% used [0x00000000d8d80000,0x00000000d8d80000,0x00000000da480000)
 ParOldGen       total 59904K, used 44832K [0x0000000081800000, 0x0000000085280000, 0x00000000d5d80000)
  object space 59904K, 74% used [0x0000000081800000,0x00000000843c80a0,0x0000000085280000)
 Metaspace       used 13252K, capacity 13524K, committed 13568K, reserved 1060864K
  class space    used 1472K, capacity 1530K, committed 1536K, reserved 1048576K
}
Event: 26.069 GC heap before
{Heap before GC invocations=29 (full 4):
 PSYoungGen      total 70656K, used 65956K [0x00000000d5d80000, 0x00000000dbe00000, 0x0000000100000000)
  eden space 49152K, 100% used [0x00000000d5d80000,0x00000000d8d80000,0x00000000d8d80000)
  from space 21504K, 78% used [0x00000000da480000,0x00000000db4e93a8,0x00000000db980000)
  to   space 23552K, 0% used [0x00000000d8d80000,0x00000000d8d80000,0x00000000da480000)
 ParOldGen       total 59904K, used 44832K [0x0000000081800000, 0x0000000085280000, 0x00000000d5d80000)
  object space 59904K, 74% used [0x0000000081800000,0x00000000843c80a0,0x0000000085280000)
 Metaspace       used 13554K, capacity 13780K, committed 13824K, reserved 1060864K
  class space    used 1484K, capacity 1530K, committed 1536K, reserved 1048576K
Event: 26.094 GC heap after
Heap after GC invocations=29 (full 4):
 PSYoungGen      total 72704K, used 17074K [0x00000000d5d80000, 0x00000000dc180000, 0x0000000100000000)
  eden space 49152K, 0% used [0x00000000d5d80000,0x00000000d5d80000,0x00000000d8d80000)
  from space 23552K, 72% used [0x00000000d8d80000,0x00000000d9e2caa0,0x00000000da480000)
  to   space 25088K, 0% used [0x00000000da900000,0x00000000da900000,0x00000000dc180000)
 ParOldGen       total 59904K, used 44832K [0x0000000081800000, 0x0000000085280000, 0x00000000d5d80000)
  object space 59904K, 74% used [0x0000000081800000,0x00000000843c80a0,0x0000000085280000)
 Metaspace       used 13554K, capacity 13780K, committed 13824K, reserved 1060864K
  class space    used 1484K, capacity 1530K, committed 1536K, reserved 1048576K
}
Event: 27.245 GC heap before
{Heap before GC invocations=30 (full 4):
 PSYoungGen      total 72704K, used 66226K [0x00000000d5d80000, 0x00000000dc180000, 0x0000000100000000)
  eden space 49152K, 100% used [0x00000000d5d80000,0x00000000d8d80000,0x00000000d8d80000)
  from space 23552K, 72% used [0x00000000d8d80000,0x00000000d9e2caa0,0x00000000da480000)
  to   space 25088K, 0% used [0x00000000da900000,0x00000000da900000,0x00000000dc180000)
 ParOldGen       total 59904K, used 44832K [0x0000000081800000, 0x0000000085280000, 0x00000000d5d80000)
  object space 59904K, 74% used [0x0000000081800000,0x00000000843c80a0,0x0000000085280000)
 Metaspace       used 13675K, capacity 13908K, committed 14080K, reserved 1062912K
  class space    used 1485K, capacity 1530K, committed 1536K, reserved 1048576K
Event: 27.266 GC heap after
Heap after GC invocations=30 (full 4):
 PSYoungGen      total 75776K, used 17236K [0x00000000d5d80000, 0x00000000dc480000, 0x0000000100000000)
  eden space 50688K, 0% used [0x00000000d5d80000,0x00000000d5d80000,0x00000000d8f00000)
  from space 25088K, 68% used [0x00000000da900000,0x00000000db9d5338,0x00000000dc180000)
  to   space 26624K, 0% used [0x00000000d8f00000,0x00000000d8f00000,0x00000000da900000)
 ParOldGen       total 59904K, used 44840K [0x0000000081800000, 0x0000000085280000, 0x00000000d5d80000)
  object space 59904K, 74% used [0x0000000081800000,0x00000000843ca0a0,0x0000000085280000)
 Metaspace       used 13675K, capacity 13908K, committed 14080K, reserved 1062912K
  class space    used 1485K, capacity 1530K, committed 1536K, reserved 1048576K
}
Event: 28.257 GC heap before
{Heap before GC invocations=31 (full 4):
 PSYoungGen      total 75776K, used 67924K [0x00000000d5d80000, 0x00000000dc480000, 0x0000000100000000)
  eden space 50688K, 100% used [0x00000000d5d80000,0x00000000d8f00000,0x00000000d8f00000)
  from space 25088K, 68% used [0x00000000da900000,0x00000000db9d5338,0x00000000dc180000)
  to   space 26624K, 0% used [0x00000000d8f00000,0x00000000d8f00000,0x00000000da900000)
 ParOldGen       total 59904K, used 44840K [0x0000000081800000, 0x0000000085280000, 0x00000000d5d80000)
  object space 59904K, 74% used [0x0000000081800000,0x00000000843ca0a0,0x0000000085280000)
 Metaspace       used 13749K, capacity 13996K, committed 14080K, reserved 1062912K
  class space    used 1488K, capacity 1534K, committed 1536K, reserved 1048576K
Event: 28.282 GC heap after
Heap after GC invocations=31 (full 4):
 PSYoungGen      total 77312K, used 17627K [0x00000000d5d80000, 0x00000000dc880000, 0x0000000100000000)
  eden space 50688K, 0% used [0x00000000d5d80000,0x00000000d5d80000,0x00000000d8f00000)
  from space 26624K, 66% used [0x00000000d8f00000,0x00000000da036e28,0x00000000da900000)
  to   space 27648K, 0% used [0x00000000dad80000,0x00000000dad80000,0x00000000dc880000)
 ParOldGen       total 59904K, used 44848K [0x0000000081800000, 0x0000000085280000, 0x00000000d5d80000)
  object space 59904K, 74% used [0x0000000081800000,0x00000000843cc0a0,0x0000000085280000)
 Metaspace       used 13749K, capacity 13996K, committed 14080K, reserved 1062912K
  class space    used 1488K, capacity 1534K, committed 1536K, reserved 1048576K
}
Event: 29.744 GC heap before
{Heap before GC invocations=32 (full 4):
 PSYoungGen      total 77312K, used 68315K [0x00000000d5d80000, 0x00000000dc880000, 0x0000000100000000)
  eden space 50688K, 100% used [0x00000000d5d80000,0x00000000d8f00000,0x00000000d8f00000)
  from space 26624K, 66% used [0x00000000d8f00000,0x00000000da036e28,0x00000000da900000)
  to   space 27648K, 0% used [0x00000000dad80000,0x00000000dad80000,0x00000000dc880000)
 ParOldGen       total 59904K, used 44848K [0x0000000081800000, 0x0000000085280000, 0x00000000d5d80000)
  object space 59904K, 74% used [0x0000000081800000,0x00000000843cc0a0,0x0000000085280000)
 Metaspace       used 13877K, capacity 14060K, committed 14336K, reserved 1062912K
  class space    used 1490K, capacity 1534K, committed 1536K, reserved 1048576K
Event: 29.774 GC heap after
Heap after GC invocations=32 (full 4):
 PSYoungGen      total 80896K, used 17966K [0x00000000d5d80000, 0x00000000dca80000, 0x0000000100000000)
  eden space 53248K, 0% used [0x00000000d5d80000,0x00000000d5d80000,0x00000000d9180000)
  from space 27648K, 64% used [0x00000000dad80000,0x00000000dbf0bbd0,0x00000000dc880000)
  to   space 28672K, 0% used [0x00000000d9180000,0x00000000d9180000,0x00000000dad80000)
 ParOldGen       total 59904K, used 44848K [0x0000000081800000, 0x0000000085280000, 0x00000000d5d80000)
  object space 59904K, 74% used [0x0000000081800000,0x00000000843cc0a0,0x0000000085280000)
 Metaspace       used 13877K, capacity 14060K, committed 14336K, reserved 1062912K
  class space    used 1490K, capacity 1534K, committed 1536K, reserved 1048576K
}

