# JRE version: Java(TM) SE Runtime Environment (8.0_251-b08) (build 1.8.0_251-b08)
# Java VM: Java HotSpot(TM) 64-Bit Server VM (25.251-b08 mixed mode windows-amd64 compressed oops)
Heap:
 PSYoungGen      total 322560K, used 45424K [0x00000000eab00000, 0x0000000100000000, 0x0000000100000000)
  eden space 299008K, 8% used [0x00000000eab00000,0x00000000ec4fd5e8,0x00000000fcf00000)
  from space 23552K, 79% used [0x00000000fe900000,0x00000000ffb5ec30,0x0000000100000000)
  to   space 25088K, 0% used [0x00000000fcf00000,0x00000000fcf00000,0x00000000fe780000)
 ParOldGen       total 107520K, used 33417K [0x00000000c0000000, 0x00000000c6900000, 0x00000000eab00000)
  object space 107520K, 31% used [0x00000000c0000000,0x00000000c20a2460,0x00000000c6900000)
 Metaspace       used 83490K, capacity 89322K, committed 89600K, reserved 1126400K
  class space    used 11377K, capacity 12446K, committed 12544K, reserved 1048576K
GC Heap History (10 events):
Event: 51.344 GC heap before
{Heap before GC invocations=17 (full 3):
 PSYoungGen      total 331776K, used 327293K [0x00000000eab00000, 0x0000000100000000, 0x0000000100000000)
  eden space 315392K, 100% used [0x00000000eab00000,0x00000000fdf00000,0x00000000fdf00000)
  from space 16384K, 72% used [0x00000000fdf00000,0x00000000fea9f6f8,0x00000000fef00000)
  to   space 16896K, 0% used [0x00000000fef80000,0x00000000fef80000,0x0000000100000000)
 ParOldGen       total 107520K, used 26173K [0x00000000c0000000, 0x00000000c6900000, 0x00000000eab00000)
  object space 107520K, 24% used [0x00000000c0000000,0x00000000c198f470,0x00000000c6900000)
 Metaspace       used 64357K, capacity 68716K, committed 68992K, reserved 1107968K
  class space    used 8975K, capacity 9740K, committed 9856K, reserved 1048576K
Event: 51.373 GC heap after
Heap after GC invocations=17 (full 3):
 PSYoungGen      total 330240K, used 13998K [0x00000000eab00000, 0x0000000100000000, 0x0000000100000000)
  eden space 313344K, 0% used [0x00000000eab00000,0x00000000eab00000,0x00000000fdd00000)
  from space 16896K, 82% used [0x00000000fef80000,0x00000000ffd2b8b0,0x0000000100000000)
  to   space 17920K, 0% used [0x00000000fdd00000,0x00000000fdd00000,0x00000000fee80000)
 ParOldGen       total 107520K, used 26181K [0x00000000c0000000, 0x00000000c6900000, 0x00000000eab00000)
  object space 107520K, 24% used [0x00000000c0000000,0x00000000c1991470,0x00000000c6900000)
 Metaspace       used 64357K, capacity 68716K, committed 68992K, reserved 1107968K
  class space    used 8975K, capacity 9740K, committed 9856K, reserved 1048576K
}
Event: 65.211 GC heap before
{Heap before GC invocations=18 (full 3):
 PSYoungGen      total 330240K, used 327342K [0x00000000eab00000, 0x0000000100000000, 0x0000000100000000)
  eden space 313344K, 100% used [0x00000000eab00000,0x00000000fdd00000,0x00000000fdd00000)
  from space 16896K, 82% used [0x00000000fef80000,0x00000000ffd2b8b0,0x0000000100000000)
  to   space 17920K, 0% used [0x00000000fdd00000,0x00000000fdd00000,0x00000000fee80000)
 ParOldGen       total 107520K, used 26181K [0x00000000c0000000, 0x00000000c6900000, 0x00000000eab00000)
  object space 107520K, 24% used [0x00000000c0000000,0x00000000c1991470,0x00000000c6900000)
 Metaspace       used 72675K, capacity 77278K, committed 77568K, reserved 1116160K
  class space    used 9879K, capacity 10706K, committed 10752K, reserved 1048576K
Event: 65.316 GC heap after
Heap after GC invocations=18 (full 3):
 PSYoungGen      total 331264K, used 17916K [0x00000000eab00000, 0x0000000100000000, 0x0000000100000000)
  eden space 313344K, 0% used [0x00000000eab00000,0x00000000eab00000,0x00000000fdd00000)
  from space 17920K, 99% used [0x00000000fdd00000,0x00000000fee7f140,0x00000000fee80000)
  to   space 17920K, 0% used [0x00000000fee80000,0x00000000fee80000,0x0000000100000000)
 ParOldGen       total 107520K, used 29452K [0x00000000c0000000, 0x00000000c6900000, 0x00000000eab00000)
  object space 107520K, 27% used [0x00000000c0000000,0x00000000c1cc3280,0x00000000c6900000)
 Metaspace       used 72675K, capacity 77278K, committed 77568K, reserved 1116160K
  class space    used 9879K, capacity 10706K, committed 10752K, reserved 1048576K
}
Event: 69.703 GC heap before
{Heap before GC invocations=19 (full 3):
 PSYoungGen      total 331264K, used 331260K [0x00000000eab00000, 0x0000000100000000, 0x0000000100000000)
  eden space 313344K, 100% used [0x00000000eab00000,0x00000000fdd00000,0x00000000fdd00000)
  from space 17920K, 99% used [0x00000000fdd00000,0x00000000fee7f140,0x00000000fee80000)
  to   space 17920K, 0% used [0x00000000fee80000,0x00000000fee80000,0x0000000100000000)
 ParOldGen       total 107520K, used 29452K [0x00000000c0000000, 0x00000000c6900000, 0x00000000eab00000)
  object space 107520K, 27% used [0x00000000c0000000,0x00000000c1cc3280,0x00000000c6900000)
 Metaspace       used 75578K, capacity 80318K, committed 80512K, reserved 1118208K
  class space    used 10256K, capacity 11102K, committed 11136K, reserved 1048576K
Event: 69.730 GC heap after
Heap after GC invocations=19 (full 3):
 PSYoungGen      total 323072K, used 16193K [0x00000000eab00000, 0x0000000100000000, 0x0000000100000000)
  eden space 305152K, 0% used [0x00000000eab00000,0x00000000eab00000,0x00000000fd500000)
  from space 17920K, 90% used [0x00000000fee80000,0x00000000ffe507e8,0x0000000100000000)
  to   space 22016K, 0% used [0x00000000fd500000,0x00000000fd500000,0x00000000fea80000)
 ParOldGen       total 107520K, used 33401K [0x00000000c0000000, 0x00000000c6900000, 0x00000000eab00000)
  object space 107520K, 31% used [0x00000000c0000000,0x00000000c209e460,0x00000000c6900000)
 Metaspace       used 75578K, capacity 80318K, committed 80512K, reserved 1118208K
  class space    used 10256K, capacity 11102K, committed 11136K, reserved 1048576K
}
Event: 78.856 GC heap before
{Heap before GC invocations=20 (full 3):
 PSYoungGen      total 323072K, used 321345K [0x00000000eab00000, 0x0000000100000000, 0x0000000100000000)
  eden space 305152K, 100% used [0x00000000eab00000,0x00000000fd500000,0x00000000fd500000)
  from space 17920K, 90% used [0x00000000fee80000,0x00000000ffe507e8,0x0000000100000000)
  to   space 22016K, 0% used [0x00000000fd500000,0x00000000fd500000,0x00000000fea80000)
 ParOldGen       total 107520K, used 33401K [0x00000000c0000000, 0x00000000c6900000, 0x00000000eab00000)
  object space 107520K, 31% used [0x00000000c0000000,0x00000000c209e460,0x00000000c6900000)
 Metaspace       used 79761K, capacity 84596K, committed 84608K, reserved 1122304K
  class space    used 10765K, capacity 11643K, committed 11648K, reserved 1048576K
Event: 78.872 GC heap after
Heap after GC invocations=20 (full 3):
 PSYoungGen      total 324096K, used 18489K [0x00000000eab00000, 0x0000000100000000, 0x0000000100000000)
  eden space 305152K, 0% used [0x00000000eab00000,0x00000000eab00000,0x00000000fd500000)
  from space 18944K, 97% used [0x00000000fd500000,0x00000000fe70e6e0,0x00000000fe780000)
  to   space 23552K, 0% used [0x00000000fe900000,0x00000000fe900000,0x0000000100000000)
 ParOldGen       total 107520K, used 33409K [0x00000000c0000000, 0x00000000c6900000, 0x00000000eab00000)
  object space 107520K, 31% used [0x00000000c0000000,0x00000000c20a0460,0x00000000c6900000)
 Metaspace       used 79761K, capacity 84596K, committed 84608K, reserved 1122304K
  class space    used 10765K, capacity 11643K, committed 11648K, reserved 1048576K
}
Event: 88.073 GC heap before
{Heap before GC invocations=21 (full 3):
 PSYoungGen      total 324096K, used 323641K [0x00000000eab00000, 0x0000000100000000, 0x0000000100000000)
  eden space 305152K, 100% used [0x00000000eab00000,0x00000000fd500000,0x00000000fd500000)
  from space 18944K, 97% used [0x00000000fd500000,0x00000000fe70e6e0,0x00000000fe780000)
  to   space 23552K, 0% used [0x00000000fe900000,0x00000000fe900000,0x0000000100000000)
 ParOldGen       total 107520K, used 33409K [0x00000000c0000000, 0x00000000c6900000, 0x00000000eab00000)
  object space 107520K, 31% used [0x00000000c0000000,0x00000000c20a0460,0x00000000c6900000)
 Metaspace       used 83433K, capacity 89246K, committed 89600K, reserved 1126400K
  class space    used 11376K, capacity 12443K, committed 12544K, reserved 1048576K
Event: 88.102 GC heap after
Heap after GC invocations=21 (full 3):
 PSYoungGen      total 322560K, used 18811K [0x00000000eab00000, 0x0000000100000000, 0x0000000100000000)
  eden space 299008K, 0% used [0x00000000eab00000,0x00000000eab00000,0x00000000fcf00000)
  from space 23552K, 79% used [0x00000000fe900000,0x00000000ffb5ec30,0x0000000100000000)
  to   space 25088K, 0% used [0x00000000fcf00000,0x00000000fcf00000,0x00000000fe780000)
 ParOldGen       total 107520K, used 33417K [0x00000000c0000000, 0x00000000c6900000, 0x00000000eab00000)
  object space 107520K, 31% used [0x00000000c0000000,0x00000000c20a2460,0x00000000c6900000)
 Metaspace       used 83433K, capacity 89246K, committed 89600K, reserved 1126400K
  class space    used 11376K, capacity 12443K, committed 12544K, reserved 1048576K
}

