# JRE version: Java(TM) SE Runtime Environment (8.0_251-b08) (build 1.8.0_251-b08)
# Java VM: Java HotSpot(TM) 64-Bit Server VM (25.251-b08 mixed mode windows-amd64 compressed oops)
Heap:
 PSYoungGen      total 313344K, used 43767K [0x00000000eab00000, 0x0000000100000000, 0x0000000100000000)
  eden space 297984K, 9% used [0x00000000eab00000,0x00000000ec6c6798,0x00000000fce00000)
  from space 15360K, 99% used [0x00000000fce00000,0x00000000fdcf76c8,0x00000000fdd00000)
  to   space 26112K, 0% used [0x00000000fe680000,0x00000000fe680000,0x0000000100000000)
 ParOldGen       total 139776K, used 63614K [0x00000000c0000000, 0x00000000c8880000, 0x00000000eab00000)
  object space 139776K, 45% used [0x00000000c0000000,0x00000000c3e1fb68,0x00000000c8880000)
 Metaspace       used 210718K, capacity 220648K, committed 220800K, reserved 1236992K
  class space    used 30452K, capacity 32321K, committed 32384K, reserved 1048576K
GC Heap History (10 events):
Event: 226.021 GC heap before
{Heap before GC invocations=46 (full 5):
 PSYoungGen      total 325120K, used 303104K [0x00000000eab00000, 0x0000000100000000, 0x0000000100000000)
  eden space 301568K, 100% used [0x00000000eab00000,0x00000000fd180000,0x00000000fd180000)
  from space 23552K, 6% used [0x00000000fe800000,0x00000000fe980020,0x00000000fff00000)
  to   space 23040K, 0% used [0x00000000fd180000,0x00000000fd180000,0x00000000fe800000)
 ParOldGen       total 139776K, used 63462K [0x00000000c0000000, 0x00000000c8880000, 0x00000000eab00000)
  object space 139776K, 45% used [0x00000000c0000000,0x00000000c3df9b68,0x00000000c8880000)
 Metaspace       used 177094K, capacity 184408K, committed 184576K, reserved 1208320K
  class space    used 25178K, capacity 26497K, committed 26624K, reserved 1048576K
Event: 226.034 GC heap after
Heap after GC invocations=46 (full 5):
 PSYoungGen      total 308224K, used 6463K [0x00000000eab00000, 0x00000000ffc80000, 0x0000000100000000)
  eden space 301568K, 0% used [0x00000000eab00000,0x00000000eab00000,0x00000000fd180000)
  from space 6656K, 97% used [0x00000000fd180000,0x00000000fd7cfe78,0x00000000fd800000)
  to   space 21504K, 0% used [0x00000000fe780000,0x00000000fe780000,0x00000000ffc80000)
 ParOldGen       total 139776K, used 63582K [0x00000000c0000000, 0x00000000c8880000, 0x00000000eab00000)
  object space 139776K, 45% used [0x00000000c0000000,0x00000000c3e17b68,0x00000000c8880000)
 Metaspace       used 177094K, capacity 184408K, committed 184576K, reserved 1208320K
  class space    used 25178K, capacity 26497K, committed 26624K, reserved 1048576K
}
Event: 230.394 GC heap before
{Heap before GC invocations=47 (full 5):
 PSYoungGen      total 308224K, used 308031K [0x00000000eab00000, 0x00000000ffc80000, 0x0000000100000000)
  eden space 301568K, 100% used [0x00000000eab00000,0x00000000fd180000,0x00000000fd180000)
  from space 6656K, 97% used [0x00000000fd180000,0x00000000fd7cfe78,0x00000000fd800000)
  to   space 21504K, 0% used [0x00000000fe780000,0x00000000fe780000,0x00000000ffc80000)
 ParOldGen       total 139776K, used 63582K [0x00000000c0000000, 0x00000000c8880000, 0x00000000eab00000)
  object space 139776K, 45% used [0x00000000c0000000,0x00000000c3e17b68,0x00000000c8880000)
 Metaspace       used 186795K, capacity 194630K, committed 194816K, reserved 1216512K
  class space    used 26616K, capacity 28038K, committed 28160K, reserved 1048576K
Event: 230.408 GC heap after
Heap after GC invocations=47 (full 5):
 PSYoungGen      total 323072K, used 12705K [0x00000000eab00000, 0x0000000100000000, 0x0000000100000000)
  eden space 301568K, 0% used [0x00000000eab00000,0x00000000eab00000,0x00000000fd180000)
  from space 21504K, 59% used [0x00000000fe780000,0x00000000ff3e87d0,0x00000000ffc80000)
  to   space 22528K, 0% used [0x00000000fd180000,0x00000000fd180000,0x00000000fe780000)
 ParOldGen       total 139776K, used 63590K [0x00000000c0000000, 0x00000000c8880000, 0x00000000eab00000)
  object space 139776K, 45% used [0x00000000c0000000,0x00000000c3e19b68,0x00000000c8880000)
 Metaspace       used 186795K, capacity 194630K, committed 194816K, reserved 1216512K
  class space    used 26616K, capacity 28038K, committed 28160K, reserved 1048576K
}
Event: 234.315 GC heap before
{Heap before GC invocations=48 (full 5):
 PSYoungGen      total 323072K, used 314273K [0x00000000eab00000, 0x0000000100000000, 0x0000000100000000)
  eden space 301568K, 100% used [0x00000000eab00000,0x00000000fd180000,0x00000000fd180000)
  from space 21504K, 59% used [0x00000000fe780000,0x00000000ff3e87d0,0x00000000ffc80000)
  to   space 22528K, 0% used [0x00000000fd180000,0x00000000fd180000,0x00000000fe780000)
 ParOldGen       total 139776K, used 63590K [0x00000000c0000000, 0x00000000c8880000, 0x00000000eab00000)
  object space 139776K, 45% used [0x00000000c0000000,0x00000000c3e19b68,0x00000000c8880000)
 Metaspace       used 196858K, capacity 205192K, committed 205440K, reserved 1224704K
  class space    used 28284K, capacity 29797K, committed 29824K, reserved 1048576K
Event: 234.338 GC heap after
Heap after GC invocations=48 (full 5):
 PSYoungGen      total 324096K, used 17907K [0x00000000eab00000, 0x0000000100000000, 0x0000000100000000)
  eden space 301568K, 0% used [0x00000000eab00000,0x00000000eab00000,0x00000000fd180000)
  from space 22528K, 79% used [0x00000000fd180000,0x00000000fe2fccd0,0x00000000fe780000)
  to   space 24576K, 0% used [0x00000000fe800000,0x00000000fe800000,0x0000000100000000)
 ParOldGen       total 139776K, used 63598K [0x00000000c0000000, 0x00000000c8880000, 0x00000000eab00000)
  object space 139776K, 45% used [0x00000000c0000000,0x00000000c3e1bb68,0x00000000c8880000)
 Metaspace       used 196858K, capacity 205192K, committed 205440K, reserved 1224704K
  class space    used 28284K, capacity 29797K, committed 29824K, reserved 1048576K
}
Event: 238.567 GC heap before
{Heap before GC invocations=49 (full 5):
 PSYoungGen      total 324096K, used 319475K [0x00000000eab00000, 0x0000000100000000, 0x0000000100000000)
  eden space 301568K, 100% used [0x00000000eab00000,0x00000000fd180000,0x00000000fd180000)
  from space 22528K, 79% used [0x00000000fd180000,0x00000000fe2fccd0,0x00000000fe780000)
  to   space 24576K, 0% used [0x00000000fe800000,0x00000000fe800000,0x0000000100000000)
 ParOldGen       total 139776K, used 63598K [0x00000000c0000000, 0x00000000c8880000, 0x00000000eab00000)
  object space 139776K, 45% used [0x00000000c0000000,0x00000000c3e1bb68,0x00000000c8880000)
 Metaspace       used 205109K, capacity 214038K, committed 214272K, reserved 1232896K
  class space    used 29600K, capacity 31186K, committed 31232K, reserved 1048576K
Event: 238.586 GC heap after
Heap after GC invocations=49 (full 5):
 PSYoungGen      total 322560K, used 15881K [0x00000000eab00000, 0x0000000100000000, 0x0000000100000000)
  eden space 297984K, 0% used [0x00000000eab00000,0x00000000eab00000,0x00000000fce00000)
  from space 24576K, 64% used [0x00000000fe800000,0x00000000ff782528,0x0000000100000000)
  to   space 25600K, 0% used [0x00000000fce00000,0x00000000fce00000,0x00000000fe700000)
 ParOldGen       total 139776K, used 63606K [0x00000000c0000000, 0x00000000c8880000, 0x00000000eab00000)
  object space 139776K, 45% used [0x00000000c0000000,0x00000000c3e1db68,0x00000000c8880000)
 Metaspace       used 205109K, capacity 214038K, committed 214272K, reserved 1232896K
  class space    used 29600K, capacity 31186K, committed 31232K, reserved 1048576K
}
Event: 247.134 GC heap before
{Heap before GC invocations=50 (full 5):
 PSYoungGen      total 322560K, used 313865K [0x00000000eab00000, 0x0000000100000000, 0x0000000100000000)
  eden space 297984K, 100% used [0x00000000eab00000,0x00000000fce00000,0x00000000fce00000)
  from space 24576K, 64% used [0x00000000fe800000,0x00000000ff782528,0x0000000100000000)
  to   space 25600K, 0% used [0x00000000fce00000,0x00000000fce00000,0x00000000fe700000)
 ParOldGen       total 139776K, used 63606K [0x00000000c0000000, 0x00000000c8880000, 0x00000000eab00000)
  object space 139776K, 45% used [0x00000000c0000000,0x00000000c3e1db68,0x00000000c8880000)
 Metaspace       used 209932K, capacity 219750K, committed 219904K, reserved 1236992K
  class space    used 30338K, capacity 32176K, committed 32256K, reserved 1048576K
Event: 247.155 GC heap after
Heap after GC invocations=50 (full 5):
 PSYoungGen      total 313344K, used 15325K [0x00000000eab00000, 0x0000000100000000, 0x0000000100000000)
  eden space 297984K, 0% used [0x00000000eab00000,0x00000000eab00000,0x00000000fce00000)
  from space 15360K, 99% used [0x00000000fce00000,0x00000000fdcf76c8,0x00000000fdd00000)
  to   space 26112K, 0% used [0x00000000fe680000,0x00000000fe680000,0x0000000100000000)
 ParOldGen       total 139776K, used 63614K [0x00000000c0000000, 0x00000000c8880000, 0x00000000eab00000)
  object space 139776K, 45% used [0x00000000c0000000,0x00000000c3e1fb68,0x00000000c8880000)
 Metaspace       used 209932K, capacity 219750K, committed 219904K, reserved 1236992K
  class space    used 30338K, capacity 32176K, committed 32256K, reserved 1048576K
}

